#
# A fatal error has been detected by the Java Runtime Environment:
#
#  SIGSEGV (0xb) at pc=0x0000000101ba3649, pid=19946, tid=10499
#
# JRE version: Java(TM) SE Runtime Environment (8.0_51-b16) (build 1.8.0_51-b16)
# Java VM: Java HotSpot(TM) 64-Bit Server VM (25.51-b03 mixed mode bsd-amd64 compressed oops)
# Problematic frame:
# V  [libjvm.dylib+0x1a3649]
#
# Failed to write core dump. Core dumps have been disabled. To enable core dumping, try "ulimit -c unlimited" before starting Java again
#
# If you would like to submit a bug report, please visit:
#   http://bugreport.java.com/bugreport/crash.jsp
#

---------------  T H R E A D  ---------------

Current thread (0x00007fa7bc804000):  GCTaskThread [stack: 0x0000700008470000,0x0000700008570000] [id=10499]

siginfo: si_signo: 11 (SIGSEGV), si_code: 1 (SEGV_MAPERR), si_addr: 0x0000000000600388

Registers:
RAX=0x0000000102215520, RBX=0x0000000766610000, RCX=0x0000000766620003, RDX=0x0000000003b33101
RSP=0x000070000856fc90, RBP=0x000070000856fc90, RSI=0x000000076660fe00, RDI=0x0000000000600380
R8 =0x00000001022c2b60, R9 =0x00000007bc358360, R10=0x00000007bc360360, R11=0x00000000162c9b01
R12=0x0000000102d5b902, R13=0x000000076651b200, R14=0x000000076660fe00, R15=0x000000010305d07e
RIP=0x0000000101ba3649, EFLAGS=0x0000000000010202, ERR=0x0000000000000004
  TRAPNO=0x000000000000000e

Top of Stack: (sp=0x000070000856fc90)
0x000070000856fc90:   000070000856fcc0 0000000101b52a0d
0x000070000856fca0:   0000000102d5b8d9 000000076651b358
0x000070000856fcb0:   0000000102d5c100 0000000102d5c080
0x000070000856fcc0:   000070000856fd80 0000000101b51fee
0x000070000856fcd0:   0000000000000000 0000000000000200
0x000070000856fce0:   fffffffefd2a1c12 0000000000000080
0x000070000856fcf0:   0000000102d5e3ec 00000000ff229080
0x000070000856fd00:   0000000102d5e3ed 0000000003b33000
0x000070000856fd10:   fffffffefd2a3eff 0000000003b353ed
0x000070000856fd20:   0000000102d5b900 0000000766610000
0x000070000856fd30:   0000000766a7d980 0000000766620000
0x000070000856fd40:   00007fa7bb4047c0 00007fa7bc017f80
0x000070000856fd50:   00007fa7bb404540 00007fa7bb4057a0
0x000070000856fd60:   0000000000000000 0000000101fefe30
0x000070000856fd70:   00007fa7bc017f80 0000000000000001
0x000070000856fd80:   000070000856fdb0 0000000101eac04f
0x000070000856fd90:   0000000000000004 00007fa7bb602f70
0x000070000856fda0:   00007fa7bc804000 00007fa7bb4057a0
0x000070000856fdb0:   000070000856fe90 0000000101c6bfc9
0x000070000856fdc0:   000070000856fdf0 00007fa7bb6052a0
0x000070000856fdd0:   00007fa7bb6052d0 00007fa7bb6052e0
0x000070000856fde0:   00007fa7bb6056b8 00000000000003d8
0x000070000856fdf0:   00007fa7bc804000 00007fa7bb6056c0
0x000070000856fe00:   00007fa7bb605700 00007fa7bb605710
0x000070000856fe10:   00007fa7bb6057e8 00000000000000d8
0x000070000856fe20:   000070000856fe30 0000000000000000
0x000070000856fe30:   00007fa7bc804000 00007fa7bb6056c0
0x000070000856fe40:   00007fa7bb605700 00007fa7bb605710
0x000070000856fe50:   00007fa7bb6057e8 00000000000000d8
0x000070000856fe60:   00007fa7bb605900 00007fa7bc804000
0x000070000856fe70:   000000000016a824 0000000000002903
0x000070000856fe80:   00007fa7bb6061c0 00007fa7bb606230 

Instructions: (pc=0x0000000101ba3649)
0x0000000101ba3629:   84 d2 48 89 fe 74 15 48 8d 05 e9 1e 67 00 8a 48
0x0000000101ba3639:   08 8b 7e 08 48 d3 e7 48 03 38 eb 04 48 8b 7e 08
0x0000000101ba3649:   8b 47 08 85 c0 7e 09 a8 01 75 4e c1 f8 03 eb 47
0x0000000101ba3659:   85 c0 7f 43 85 c0 79 41 84 d2 0f 94 c1 0f b6 c9 

Register to memory mapping:

RAX=0x0000000102215520: _ZN8Universe13_narrow_klassE+0 in /Library/Java/JavaVirtualMachines/jdk1.8.0_51.jdk/Contents/Home/jre/lib/server/libjvm.dylib at 0x0000000101a00000
RBX=
[error occurred during error reporting (printing register info), id 0xb]

Stack: [0x0000700008470000,0x0000700008570000],  sp=0x000070000856fc90,  free space=1023k
Native frames: (J=compiled Java code, j=interpreted, Vv=VM code, C=native code)
V  [libjvm.dylib+0x1a3649]
V  [libjvm.dylib+0x152a0d]
V  [libjvm.dylib+0x151fee]
V  [libjvm.dylib+0x4ac04f]
V  [libjvm.dylib+0x26bfc9]
V  [libjvm.dylib+0x46e99e]
C  [libsystem_pthread.dylib+0x3abb]  _pthread_body+0xb4
C  [libsystem_pthread.dylib+0x3a07]  _pthread_body+0x0
C  [libsystem_pthread.dylib+0x3231]  thread_start+0xd


---------------  P R O C E S S  ---------------

Java Threads: ( => current thread )
  0x00007fa7bfca6000 JavaThread "ForkJoinPool.commonPool-worker-11" daemon [_thread_blocked, id=40007, stack(0x000070000b09d000,0x000070000b19d000)]
  0x00007fa7bceb9000 JavaThread "ForkJoinPool.commonPool-worker-2" daemon [_thread_blocked, id=32299, stack(0x000070000af9a000,0x000070000b09a000)]
  0x00007fa7c218e800 JavaThread "ForkJoinPool.commonPool-worker-9" daemon [_thread_blocked, id=21807, stack(0x000070000ae97000,0x000070000af97000)]
  0x00007fa7c218d000 JavaThread "ForkJoinPool.commonPool-worker-0" daemon [_thread_blocked, id=25387, stack(0x000070000ad94000,0x000070000ae94000)]
  0x00007fa7c23fd800 JavaThread "ForkJoinPool.commonPool-worker-7" daemon [_thread_blocked, id=34615, stack(0x000070000ac91000,0x000070000ad91000)]
  0x00007fa7bd3c3000 JavaThread "ForkJoinPool.commonPool-worker-14" daemon [_thread_blocked, id=21051, stack(0x000070000ab8e000,0x000070000ac8e000)]
  0x00007fa7c2646800 JavaThread "ForkJoinPool.commonPool-worker-5" daemon [_thread_blocked, id=25139, stack(0x000070000a9df000,0x000070000aadf000)]
  0x00007fa7c0f34000 JavaThread "ForkJoinPool.commonPool-worker-12" daemon [_thread_blocked, id=26667, stack(0x000070000a8dc000,0x000070000a9dc000)]
  0x00007fa7bf19b800 JavaThread "ForkJoinPool.commonPool-worker-3" daemon [_thread_blocked, id=3879, stack(0x000070000a7d9000,0x000070000a8d9000)]
  0x00007fa7bf3b3000 JavaThread "ForkJoinPool.commonPool-worker-10" daemon [_thread_blocked, id=42291, stack(0x000070000a6d6000,0x000070000a7d6000)]
  0x00007fa7c0c11000 JavaThread "process reaper" daemon [_thread_blocked, id=15919, stack(0x000070000ab63000,0x000070000ab8b000)]
  0x00007fa7c0b96800 JavaThread "process reaper" daemon [_thread_blocked, id=26155, stack(0x000070000ab38000,0x000070000ab60000)]
  0x00007fa7bc24c800 JavaThread "process reaper" daemon [_thread_blocked, id=22823, stack(0x000070000ab0d000,0x000070000ab35000)]
  0x00007fa7c6f1a800 JavaThread "process reaper" daemon [_thread_blocked, id=31783, stack(0x000070000aae2000,0x000070000ab0a000)]
  0x00007fa7bc9fb800 JavaThread "Task worker for ':' Thread 3" [_thread_blocked, id=30255, stack(0x000070000a5d3000,0x000070000a6d3000)]
  0x00007fa7c0a41000 JavaThread "Task worker for ':' Thread 2" [_thread_blocked, id=40755, stack(0x000070000a4d0000,0x000070000a5d0000)]
  0x00007fa7c0a45000 JavaThread "Task worker for ':'" [_thread_blocked, id=21311, stack(0x000070000a3cd000,0x000070000a4cd000)]
  0x00007fa7c0ca5800 JavaThread "Cache worker for Build Output Cleanup Cache (/Users/Appy/AndroidStudioProjects/WallpaperSwitcher/.gradle/buildOutputCleanup)" [_thread_blocked, id=35887, stack(0x000070000a2ca000,0x000070000a3ca000)]
  0x00007fa7bf8fe000 JavaThread "Cache worker for task history cache (/Users/Appy/AndroidStudioProjects/WallpaperSwitcher/.gradle/4.4/taskHistory)" [_thread_blocked, id=33839, stack(0x000070000a1c7000,0x000070000a2c7000)]
  0x00007fa7bcdac000 JavaThread "Cache worker for file content cache (/Users/Appy/AndroidStudioProjects/WallpaperSwitcher/.gradle/4.4/fileContent)" [_thread_blocked, id=26415, stack(0x000070000a0c4000,0x000070000a1c4000)]
  0x00007fa7bf265000 JavaThread "build operations Thread 4" [_thread_blocked, id=22311, stack(0x0000700009ebe000,0x0000700009fbe000)]
  0x00007fa7bf551000 JavaThread "build operations Thread 3" [_thread_blocked, id=38971, stack(0x0000700009dbb000,0x0000700009ebb000)]
  0x00007fa7c0606800 JavaThread "build operations Thread 2" [_thread_blocked, id=39223, stack(0x0000700009cb8000,0x0000700009db8000)]
  0x00007fa7bc7ac000 JavaThread "build operations" [_thread_blocked, id=33083, stack(0x0000700009bb5000,0x0000700009cb5000)]
  0x00007fa7c21ec800 JavaThread "Cache worker for Artifact transforms cache (/Users/Appy/.gradle/caches/transforms-1)" [_thread_blocked, id=37423, stack(0x0000700009ab2000,0x0000700009bb2000)]
  0x00007fa7bffdc000 JavaThread "Cache worker for file hash cache (/Users/Appy/AndroidStudioProjects/WallpaperSwitcher/.gradle/4.4/fileHashes)" [_thread_blocked, id=22059, stack(0x00007000097a9000,0x00007000098a9000)]
  0x00007fa7c08c9000 JavaThread "Stdin handler" [_thread_blocked, id=37951, stack(0x00007000096a6000,0x00007000097a6000)]
  0x00007fa7c0bd2800 JavaThread "Asynchronous log dispatcher for DefaultDaemonConnection: socket connection from /127.0.0.1:55644 to /127.0.0.1:53990" [_thread_blocked, id=28991, stack(0x00007000095a3000,0x00007000096a3000)]
  0x00007fa7bfed8800 JavaThread "Daemon worker Thread 10" [_thread_blocked, id=4903, stack(0x00007000094a0000,0x00007000095a0000)]
  0x00007fa7c0cc6800 JavaThread "Cancel handler" [_thread_blocked, id=4395, stack(0x000070000939d000,0x000070000949d000)]
  0x00007fa7bf7cb800 JavaThread "Handler for socket connection from /127.0.0.1:55644 to /127.0.0.1:53990" [_thread_in_native, id=23603, stack(0x000070000929a000,0x000070000939a000)]
  0x00007fa7bfeda000 JavaThread "Daemon Thread 10" [_thread_blocked, id=25655, stack(0x0000700008061000,0x0000700008161000)]
  0x00007fa7bf6e6000 JavaThread "Memory manager" [_thread_blocked, id=27395, stack(0x0000700009fc1000,0x000070000a0c1000)]
  0x00007fa7bd269800 JavaThread "File lock request listener" [_thread_in_native, id=24579, stack(0x00007000099af000,0x0000700009aaf000)]
  0x00007fa7bbe29000 JavaThread "Cache worker for file hash cache (/Users/Appy/.gradle/caches/4.4/fileHashes)" [_thread_blocked, id=24067, stack(0x00007000098ac000,0x00007000099ac000)]
  0x00007fa7bd275800 JavaThread "Daemon periodic checks" [_thread_blocked, id=20483, stack(0x0000700009197000,0x0000700009297000)]
  0x00007fa7bc5bd000 JavaThread "Incoming local TCP Connector on port 55644" [_thread_in_native, id=19971, stack(0x0000700009094000,0x0000700009194000)]
  0x00007fa7bbdd8800 JavaThread "Daemon health stats" [_thread_blocked, id=19459, stack(0x0000700008f91000,0x0000700009091000)]
  0x00007fa7bc028000 JavaThread "Service Thread" daemon [_thread_blocked, id=18435, stack(0x0000700008d8b000,0x0000700008e8b000)]
  0x00007fa7bb869800 JavaThread "C1 CompilerThread2" daemon [_thread_blocked, id=17923, stack(0x0000700008c88000,0x0000700008d88000)]
  0x00007fa7bb869000 JavaThread "C2 CompilerThread1" daemon [_thread_blocked, id=17411, stack(0x0000700008b85000,0x0000700008c85000)]
  0x00007fa7bb867000 JavaThread "C2 CompilerThread0" daemon [_thread_blocked, id=16899, stack(0x0000700008a82000,0x0000700008b82000)]
  0x00007fa7bb862000 JavaThread "Signal Dispatcher" daemon [_thread_blocked, id=16387, stack(0x000070000897f000,0x0000700008a7f000)]
  0x00007fa7bc019800 JavaThread "Finalizer" daemon [_thread_blocked, id=12547, stack(0x000070000887c000,0x000070000897c000)]
  0x00007fa7bc018800 JavaThread "Reference Handler" daemon [_thread_blocked, id=12035, stack(0x0000700008779000,0x0000700008879000)]
  0x00007fa7bc003800 JavaThread "main" [_thread_blocked, id=7171, stack(0x0000700008167000,0x0000700008267000)]

Other Threads:
  0x00007fa7bb84a800 VMThread [stack: 0x0000700008676000,0x0000700008776000] [id=11523]
  0x00007fa7bd01d800 WatcherThread [stack: 0x0000700008e8e000,0x0000700008f8e000] [id=18947]

=>0x00007fa7bc804000 (exited) GCTaskThread [stack: 0x0000700008470000,0x0000700008570000] [id=10499]

VM state:at safepoint (normal execution)

VM Mutex/Monitor currently owned by a thread:  ([mutex/lock_event])
[0x00007fa7bb510cc0] Threads_lock - owner thread: 0x00007fa7bb84a800
[0x00007fa7bb5111c0] Heap_lock - owner thread: 0x00007fa7bd3c3000

Heap:
 PSYoungGen      total 454144K, used 384000K [0x00000007a0000000, 0x00000007c0000000, 0x00000007c0000000)
  eden space 384000K, 100% used [0x00000007a0000000,0x00000007b7700000,0x00000007b7700000)
  from space 70144K, 0% used [0x00000007b7700000,0x00000007b7700000,0x00000007bbb80000)
  to   space 68096K, 11% used [0x00000007bbd80000,0x00000007bc540420,0x00000007c0000000)
 ParOldGen       total 212480K, used 109046K [0x0000000760000000, 0x000000076cf80000, 0x00000007a0000000)
  object space 212480K, 51% used [0x0000000760000000,0x0000000766a7d980,0x000000076cf80000)
 Metaspace       used 164077K, capacity 173832K, committed 173952K, reserved 1200128K
  class space    used 21189K, capacity 23139K, committed 23168K, reserved 1048576K

Card table byte_map: [0x0000000102d29000,0x000000010302a000] byte_map_base: 0x00000000ff229000

Marking Bits: (ParMarkBitMap*) 0x00000001022c27a0
 Begin Bits: [0x000000010322a000, 0x0000000104a2a000)
 End Bits:   [0x0000000104a2a000, 0x000000010622a000)

Polling page: 0x00000001010ad000

CodeCache: size=245760Kb used=78371Kb max_used=78610Kb free=167388Kb
 bounds [0x000000010abfc000, 0x000000010f94c000, 0x0000000119bfc000]
 total_blobs=25244 nmethods=24355 adapters=799
 compilation: enabled

Compilation events (10 events):
Event: 5114.422 Thread 0x00007fa7bb869800 nmethod 33497 0x000000010d333ad0 code [0x000000010d333c20, 0x000000010d333d10]
Event: 5114.423 Thread 0x00007fa7bb869800 33498       2       com.android.tools.r8.ir.conversion.IRConverter$$Lambda$1779/1051692741::accept (14 bytes)
Event: 5114.423 Thread 0x00007fa7bb869800 nmethod 33498 0x000000010cf05110 code [0x000000010cf05280, 0x000000010cf05428]
Event: 5114.423 Thread 0x00007fa7bb869800 33499       2       com.android.tools.r8.ir.conversion.IRConverter$$Lambda$1780/1363014925::accept (14 bytes)
Event: 5114.424 Thread 0x00007fa7bb869800 nmethod 33499 0x000000010c454fd0 code [0x000000010c455140, 0x000000010c4552e8]
Event: 5114.427 Thread 0x00007fa7bb869800 33501       2       com.android.tools.r8.dex.ApplicationReader$ClassReader$$Lambda$1772/512715138::call (16 bytes)
Event: 5114.428 Thread 0x00007fa7bb867000 33487       4       com.android.tools.r8.ir.conversion.JarState::localsNotLiveAtAllSuccessors (127 bytes)
Event: 5114.442 Thread 0x00007fa7bb869800 nmethod 33501 0x000000010d048dd0 code [0x000000010d048f40, 0x000000010d0490c8]
Event: 5114.474 Thread 0x00007fa7bb869800 33513       2       com.android.tools.r8.graph.JarApplicationReader::getTypeListFromNames (48 bytes)
Event: 5114.483 Thread 0x00007fa7bb869800 nmethod 33513 0x000000010cb1dd90 code [0x000000010cb1df60, 0x000000010cb1e598]

GC Heap History (10 events):
Event: 4842.383 GC heap after
Heap after GC invocations=37 (full 5):
 PSYoungGen      total 464384K, used 9360K [0x00000007a0000000, 0x00000007bfe00000, 0x00000007c0000000)
  eden space 408576K, 0% used [0x00000007a0000000,0x00000007a0000000,0x00000007b8f00000)
  from space 55808K, 16% used [0x00000007bc780000,0x00000007bd0a4010,0x00000007bfe00000)
  to   space 56832K, 0% used [0x00000007b8f00000,0x00000007b8f00000,0x00000007bc680000)
 ParOldGen       total 181248K, used 134418K [0x0000000760000000, 0x000000076b100000, 0x00000007a0000000)
  object space 181248K, 74% used [0x0000000760000000,0x00000007683449c0,0x000000076b100000)
 Metaspace       used 161689K, capacity 170858K, committed 171008K, reserved 1198080K
  class space    used 20872K, capacity 22702K, committed 22784K, reserved 1048576K
}
Event: 4849.730 GC heap before
{Heap before GC invocations=38 (full 5):
 PSYoungGen      total 464384K, used 417936K [0x00000007a0000000, 0x00000007bfe00000, 0x00000007c0000000)
  eden space 408576K, 100% used [0x00000007a0000000,0x00000007b8f00000,0x00000007b8f00000)
  from space 55808K, 16% used [0x00000007bc780000,0x00000007bd0a4010,0x00000007bfe00000)
  to   space 56832K, 0% used [0x00000007b8f00000,0x00000007b8f00000,0x00000007bc680000)
 ParOldGen       total 181248K, used 134418K [0x0000000760000000, 0x000000076b100000, 0x00000007a0000000)
  object space 181248K, 74% used [0x0000000760000000,0x00000007683449c0,0x000000076b100000)
 Metaspace       used 162453K, capacity 171722K, committed 171904K, reserved 1198080K
  class space    used 20927K, capacity 22792K, committed 22912K, reserved 1048576K
Event: 4850.211 GC heap after
Heap after GC invocations=38 (full 5):
 PSYoungGen      total 465408K, used 56809K [0x00000007a0000000, 0x00000007c0000000, 0x00000007c0000000)
  eden space 408576K, 0% used [0x00000007a0000000,0x00000007a0000000,0x00000007b8f00000)
  from space 56832K, 99% used [0x00000007b8f00000,0x00000007bc67a7e8,0x00000007bc680000)
  to   space 58880K, 0% used [0x00000007bc680000,0x00000007bc680000,0x00000007c0000000)
 ParOldGen       total 181248K, used 144542K [0x0000000760000000, 0x000000076b100000, 0x00000007a0000000)
  object space 181248K, 79% used [0x0000000760000000,0x0000000768d27ad8,0x000000076b100000)
 Metaspace       used 162453K, capacity 171722K, committed 171904K, reserved 1198080K
  class space    used 20927K, capacity 22792K, committed 22912K, reserved 1048576K
}
Event: 4864.433 GC heap before
{Heap before GC invocations=39 (full 5):
 PSYoungGen      total 465408K, used 465385K [0x00000007a0000000, 0x00000007c0000000, 0x00000007c0000000)
  eden space 408576K, 100% used [0x00000007a0000000,0x00000007b8f00000,0x00000007b8f00000)
  from space 56832K, 99% used [0x00000007b8f00000,0x00000007bc67a7e8,0x00000007bc680000)
  to   space 58880K, 0% used [0x00000007bc680000,0x00000007bc680000,0x00000007c0000000)
 ParOldGen       total 181248K, used 144542K [0x0000000760000000, 0x000000076b100000, 0x00000007a0000000)
  object space 181248K, 79% used [0x0000000760000000,0x0000000768d27ad8,0x000000076b100000)
 Metaspace       used 163079K, capacity 172540K, committed 172672K, reserved 1200128K
  class space    used 21022K, capacity 22907K, committed 22912K, reserved 1048576K
Event: 4864.733 GC heap after
Heap after GC invocations=39 (full 5):
 PSYoungGen      total 442880K, used 1284K [0x00000007a0000000, 0x00000007c0000000, 0x00000007c0000000)
  eden space 384000K, 0% used [0x00000007a0000000,0x00000007a0000000,0x00000007b7700000)
  from space 58880K, 2% used [0x00000007bc680000,0x00000007bc7c12c0,0x00000007c0000000)
  to   space 70144K, 0% used [0x00000007b7700000,0x00000007b7700000,0x00000007bbb80000)
 ParOldGen       total 181248K, used 155507K [0x0000000760000000, 0x000000076b100000, 0x00000007a0000000)
  object space 181248K, 85% used [0x0000000760000000,0x00000007697dcfb8,0x000000076b100000)
 Metaspace       used 163079K, capacity 172540K, committed 172672K, reserved 1200128K
  class space    used 21022K, capacity 22907K, committed 22912K, reserved 1048576K
}
Event: 4865.992 GC heap before
{Heap before GC invocations=40 (full 5):
 PSYoungGen      total 442880K, used 384899K [0x00000007a0000000, 0x00000007c0000000, 0x00000007c0000000)
  eden space 384000K, 99% used [0x00000007a0000000,0x00000007b769fd18,0x00000007b7700000)
  from space 58880K, 2% used [0x00000007bc680000,0x00000007bc7c12c0,0x00000007c0000000)
  to   space 70144K, 0% used [0x00000007b7700000,0x00000007b7700000,0x00000007bbb80000)
 ParOldGen       total 181248K, used 155507K [0x0000000760000000, 0x000000076b100000, 0x00000007a0000000)
  object space 181248K, 85% used [0x0000000760000000,0x00000007697dcfb8,0x000000076b100000)
 Metaspace       used 163598K, capacity 173124K, committed 173312K, reserved 1200128K
  class space    used 21103K, capacity 23005K, committed 23040K, reserved 1048576K
Event: 4866.010 GC heap after
Heap after GC invocations=40 (full 5):
 PSYoungGen      total 454144K, used 7374K [0x00000007a0000000, 0x00000007c0000000, 0x00000007c0000000)
  eden space 384000K, 0% used [0x00000007a0000000,0x00000007a0000000,0x00000007b7700000)
  from space 70144K, 10% used [0x00000007b7700000,0x00000007b7e33b48,0x00000007bbb80000)
  to   space 68096K, 0% used [0x00000007bbd80000,0x00000007bbd80000,0x00000007c0000000)
 ParOldGen       total 181248K, used 155973K [0x0000000760000000, 0x000000076b100000, 0x00000007a0000000)
  object space 181248K, 86% used [0x0000000760000000,0x00000007698514d8,0x000000076b100000)
 Metaspace       used 163598K, capacity 173124K, committed 173312K, reserved 1200128K
  class space    used 21103K, capacity 23005K, committed 23040K, reserved 1048576K
}
Event: 4866.011 GC heap before
{Heap before GC invocations=41 (full 6):
 PSYoungGen      total 454144K, used 7374K [0x00000007a0000000, 0x00000007c0000000, 0x00000007c0000000)
  eden space 384000K, 0% used [0x00000007a0000000,0x00000007a0000000,0x00000007b7700000)
  from space 70144K, 10% used [0x00000007b7700000,0x00000007b7e33b48,0x00000007bbb80000)
  to   space 68096K, 0% used [0x00000007bbd80000,0x00000007bbd80000,0x00000007c0000000)
 ParOldGen       total 181248K, used 155973K [0x0000000760000000, 0x000000076b100000, 0x00000007a0000000)
  object space 181248K, 86% used [0x0000000760000000,0x00000007698514d8,0x000000076b100000)
 Metaspace       used 163598K, capacity 173124K, committed 173312K, reserved 1200128K
  class space    used 21103K, capacity 23005K, committed 23040K, reserved 1048576K
Event: 4868.875 GC heap after
Heap after GC invocations=41 (full 6):
 PSYoungGen      total 454144K, used 0K [0x00000007a0000000, 0x00000007c0000000, 0x00000007c0000000)
  eden space 384000K, 0% used [0x00000007a0000000,0x00000007a0000000,0x00000007b7700000)
  from space 70144K, 0% used [0x00000007b7700000,0x00000007b7700000,0x00000007bbb80000)
  to   space 68096K, 0% used [0x00000007bbd80000,0x00000007bbd80000,0x00000007c0000000)
 ParOldGen       total 212480K, used 109046K [0x0000000760000000, 0x000000076cf80000, 0x00000007a0000000)
  object space 212480K, 51% used [0x0000000760000000,0x0000000766a7d980,0x000000076cf80000)
 Metaspace       used 162365K, capacity 171504K, committed 173312K, reserved 1200128K
  class space    used 20941K, capacity 22805K, committed 23040K, reserved 1048576K
}
Event: 5114.509 GC heap before
{Heap before GC invocations=42 (full 6):
 PSYoungGen      total 454144K, used 384000K [0x00000007a0000000, 0x00000007c0000000, 0x00000007c0000000)
  eden space 384000K, 100% used [0x00000007a0000000,0x00000007b7700000,0x00000007b7700000)
  from space 70144K, 0% used [0x00000007b7700000,0x00000007b7700000,0x00000007bbb80000)
  to   space 68096K, 0% used [0x00000007bbd80000,0x00000007bbd80000,0x00000007c0000000)
 ParOldGen       total 212480K, used 109046K [0x0000000760000000, 0x000000076cf80000, 0x00000007a0000000)
  object space 212480K, 51% used [0x0000000760000000,0x0000000766a7d980,0x000000076cf80000)
 Metaspace       used 164077K, capacity 173832K, committed 173952K, reserved 1200128K
  class space    used 21189K, capacity 23139K, committed 23168K, reserved 1048576K

Deoptimization events (10 events):
Event: 5108.951 Thread 0x00007fa7c0a41000 Uncommon trap: reason=predicate action=maybe_recompile pc=0x000000010effb938 method=com.google.common.collect.RegularImmutableMap.fromEntryArray(I[Ljava/util/Map$Entry;)Lcom/google/common/collect/RegularImmutableMap; @ 62
Event: 5111.779 Thread 0x00007fa7c0a45000 Uncommon trap: reason=unstable_if action=reinterpret pc=0x000000010ba9c59c method=java.util.LinkedHashMap.afterNodeInsertion(Z)V @ 18
Event: 5111.846 Thread 0x00007fa7c0a45000 Uncommon trap: reason=array_check action=maybe_recompile pc=0x000000010f025c18 method=com.google.common.collect.RegularImmutableMap.fromEntryArray(I[Ljava/util/Map$Entry;)Lcom/google/common/collect/RegularImmutableMap; @ 200
Event: 5111.848 Thread 0x00007fa7c0a45000 Uncommon trap: reason=array_check action=maybe_recompile pc=0x000000010f025c18 method=com.google.common.collect.RegularImmutableMap.fromEntryArray(I[Ljava/util/Map$Entry;)Lcom/google/common/collect/RegularImmutableMap; @ 200
Event: 5111.848 Thread 0x00007fa7c0a45000 Uncommon trap: reason=array_check action=maybe_recompile pc=0x000000010f025c18 method=com.google.common.collect.RegularImmutableMap.fromEntryArray(I[Ljava/util/Map$Entry;)Lcom/google/common/collect/RegularImmutableMap; @ 200
Event: 5111.849 Thread 0x00007fa7c0a45000 Uncommon trap: reason=array_check action=maybe_recompile pc=0x000000010f025c18 method=com.google.common.collect.RegularImmutableMap.fromEntryArray(I[Ljava/util/Map$Entry;)Lcom/google/common/collect/RegularImmutableMap; @ 200
Event: 5111.886 Thread 0x00007fa7bfed8800 Uncommon trap: reason=unstable_if action=reinterpret pc=0x000000010e69af00 method=com.sun.org.apache.xerces.internal.dom.DeferredAttrNSImpl.synchronizeData()V @ 36
Event: 5111.891 Thread 0x00007fa7bfed8800 Uncommon trap: reason=unstable_if action=reinterpret pc=0x000000010e6b78f8 method=com.sun.org.apache.xerces.internal.dom.DeferredAttrNSImpl.synchronizeData()V @ 36
Event: 5113.468 Thread 0x00007fa7bd3c3000 Uncommon trap: reason=unstable_if action=reinterpret pc=0x000000010ee9dfdc method=com.android.tools.r8.ir.conversion.JarSourceCode.getDebugPositionAtOffset(I)Lcom/android/tools/r8/ir/code/Position; @ 58
Event: 5113.551 Thread 0x00007fa7c0f34000 Uncommon trap: reason=unstable_if action=reinterpret pc=0x000000010f68b900 method=com.android.tools.r8.graph.DexCode.collectIndexedItems(Lcom/android/tools/r8/dex/IndexedItemCollection;)V @ 39

Internal exceptions (10 events):
Event: 5114.420 Thread 0x00007fa7bfca6000 Exception <a 'sun/nio/fs/UnixException'> (0x00000007b7166c40) thrown at [/Users/java_re/workspace/8-2-build-macosx-x86_64/jdk8u51/3951/hotspot/src/share/vm/prims/jni.cpp, line 709]
Event: 5114.420 Thread 0x00007fa7bfca6000 Exception <a 'sun/nio/fs/UnixException'> (0x00000007b71671e8) thrown at [/Users/java_re/workspace/8-2-build-macosx-x86_64/jdk8u51/3951/hotspot/src/share/vm/prims/jni.cpp, line 709]
Event: 5114.461 Thread 0x00007fa7bd3c3000 Exception <a 'sun/nio/fs/UnixException'> (0x00000007b73c2420) thrown at [/Users/java_re/workspace/8-2-build-macosx-x86_64/jdk8u51/3951/hotspot/src/share/vm/prims/jni.cpp, line 709]
Event: 5114.461 Thread 0x00007fa7bd3c3000 Exception <a 'sun/nio/fs/UnixException'> (0x00000007b73c2a08) thrown at [/Users/java_re/workspace/8-2-build-macosx-x86_64/jdk8u51/3951/hotspot/src/share/vm/prims/jni.cpp, line 709]
Event: 5114.462 Thread 0x00007fa7bd3c3000 Exception <a 'sun/nio/fs/UnixException'> (0x00000007b73c2fc8) thrown at [/Users/java_re/workspace/8-2-build-macosx-x86_64/jdk8u51/3951/hotspot/src/share/vm/prims/jni.cpp, line 709]
Event: 5114.462 Thread 0x00007fa7bd3c3000 Exception <a 'sun/nio/fs/UnixException'> (0x00000007b73c3570) thrown at [/Users/java_re/workspace/8-2-build-macosx-x86_64/jdk8u51/3951/hotspot/src/share/vm/prims/jni.cpp, line 709]
Event: 5114.464 Thread 0x00007fa7bd3c3000 Exception <a 'sun/nio/fs/UnixException'> (0x00000007b7470ad8) thrown at [/Users/java_re/workspace/8-2-build-macosx-x86_64/jdk8u51/3951/hotspot/src/share/vm/prims/jni.cpp, line 709]
Event: 5114.464 Thread 0x00007fa7bd3c3000 Exception <a 'sun/nio/fs/UnixException'> (0x00000007b74710b8) thrown at [/Users/java_re/workspace/8-2-build-macosx-x86_64/jdk8u51/3951/hotspot/src/share/vm/prims/jni.cpp, line 709]
Event: 5114.464 Thread 0x00007fa7bd3c3000 Exception <a 'sun/nio/fs/UnixException'> (0x00000007b7471688) thrown at [/Users/java_re/workspace/8-2-build-macosx-x86_64/jdk8u51/3951/hotspot/src/share/vm/prims/jni.cpp, line 709]
Event: 5114.464 Thread 0x00007fa7bd3c3000 Exception <a 'sun/nio/fs/UnixException'> (0x00000007b7471c48) thrown at [/Users/java_re/workspace/8-2-build-macosx-x86_64/jdk8u51/3951/hotspot/src/share/vm/prims/jni.cpp, line 709]

Events (10 events):
Event: 5114.331 Thread 0x00007fa7bb869800 flushing nmethod 0x000000010c7d1690
Event: 5114.336 Thread 0x00007fa7bb869800 flushing nmethod 0x000000010c918c10
Event: 5114.344 Thread 0x00007fa7bfca6000 DEOPT PACKING pc=0x000000010f004f32 sp=0x000070000b19be70
Event: 5114.344 Thread 0x00007fa7bfca6000 DEOPT UNPACKING pc=0x000000010ac43633 sp=0x000070000b19bbb8 mode 0
Event: 5114.406 Thread 0x00007fa7bb867000 flushing nmethod 0x000000010cf04f90
Event: 5114.421 Executing VM operation: RevokeBias
Event: 5114.422 Executing VM operation: RevokeBias done
Event: 5114.427 Thread 0x00007fa7bb867000 flushing nmethod 0x000000010d048cd0
Event: 5114.444 Thread 0x00007fa7bb869800 flushing nmethod 0x000000010d0f1c10
Event: 5114.488 Executing VM operation: ParallelGCFailedAllocation


Dynamic libraries:
0x000000005b4d9000 	/System/Library/Frameworks/Cocoa.framework/Versions/A/Cocoa
0x000000005b4d9000 	/System/Library/Frameworks/Security.framework/Versions/A/Security
0x000000005b4d9000 	/System/Library/Frameworks/ApplicationServices.framework/Versions/A/ApplicationServices
0x000000005b4d9000 	/usr/lib/libz.1.dylib
0x000000005b4d9000 	/usr/lib/libSystem.B.dylib
0x000000005b4d9000 	/usr/lib/libobjc.A.dylib
0x000000005b4d9000 	/System/Library/Frameworks/CoreFoundation.framework/Versions/A/CoreFoundation
0x000000005b4d9000 	/System/Library/Frameworks/Foundation.framework/Versions/C/Foundation
0x000000005b4d9000 	/System/Library/Frameworks/AppKit.framework/Versions/C/AppKit
0x000000005b4d9000 	/System/Library/Frameworks/CoreData.framework/Versions/A/CoreData
0x000000005b4d9000 	/System/Library/PrivateFrameworks/RemoteViewServices.framework/Versions/A/RemoteViewServices
0x000000005b4d9000 	/System/Library/PrivateFrameworks/UIFoundation.framework/Versions/A/UIFoundation
0x000000005b4d9000 	/usr/lib/libenergytrace.dylib
0x000000005b4d9000 	/System/Library/PrivateFrameworks/SkyLight.framework/Versions/A/SkyLight
0x000000005b4d9000 	/System/Library/Frameworks/CoreGraphics.framework/Versions/A/CoreGraphics
0x000000005b4d9000 	/usr/lib/libScreenReader.dylib
0x000000005b4d9000 	/System/Library/Frameworks/Accelerate.framework/Versions/A/Accelerate
0x000000005b4d9000 	/System/Library/Frameworks/IOSurface.framework/Versions/A/IOSurface
0x000000005b4d9000 	/System/Library/Frameworks/AudioToolbox.framework/Versions/A/AudioToolbox
0x000000005b4d9000 	/System/Library/Frameworks/AudioUnit.framework/Versions/A/AudioUnit
0x000000005b4d9000 	/System/Library/PrivateFrameworks/DataDetectorsCore.framework/Versions/A/DataDetectorsCore
0x000000005b4d9000 	/System/Library/PrivateFrameworks/DesktopServicesPriv.framework/Versions/A/DesktopServicesPriv
0x000000005b4d9000 	/System/Library/Frameworks/Carbon.framework/Versions/A/Frameworks/HIToolbox.framework/Versions/A/HIToolbox
0x000000005b4d9000 	/usr/lib/libicucore.A.dylib
0x000000005b4d9000 	/System/Library/Frameworks/QuartzCore.framework/Versions/A/QuartzCore
0x000000005b4d9000 	/System/Library/Frameworks/Carbon.framework/Versions/A/Frameworks/SpeechRecognition.framework/Versions/A/SpeechRecognition
0x000000005b4d9000 	/usr/lib/libauto.dylib
0x000000005b4d9000 	/usr/lib/libxml2.2.dylib
0x000000005b4d9000 	/System/Library/PrivateFrameworks/CoreUI.framework/Versions/A/CoreUI
0x000000005b4d9000 	/System/Library/Frameworks/CoreAudio.framework/Versions/A/CoreAudio
0x000000005b4d9000 	/System/Library/Frameworks/DiskArbitration.framework/Versions/A/DiskArbitration
0x000000005b4d9000 	/usr/lib/liblangid.dylib
0x000000005b4d9000 	/System/Library/PrivateFrameworks/MultitouchSupport.framework/Versions/A/MultitouchSupport
0x000000005b4d9000 	/System/Library/Frameworks/IOKit.framework/Versions/A/IOKit
0x000000005b4d9000 	/usr/lib/libDiagnosticMessagesClient.dylib
0x000000005b4d9000 	/System/Library/Frameworks/CoreServices.framework/Versions/A/CoreServices
0x000000005b4d9000 	/System/Library/PrivateFrameworks/PerformanceAnalysis.framework/Versions/A/PerformanceAnalysis
0x000000005b4d9000 	/System/Library/PrivateFrameworks/GenerationalStorage.framework/Versions/A/GenerationalStorage
0x000000005b4d9000 	/System/Library/Frameworks/OpenGL.framework/Versions/A/OpenGL
0x000000005b4d9000 	/System/Library/Frameworks/CoreImage.framework/Versions/A/CoreImage
0x000000005b4d9000 	/System/Library/Frameworks/CoreText.framework/Versions/A/CoreText
0x000000005b4d9000 	/System/Library/Frameworks/ImageIO.framework/Versions/A/ImageIO
0x000000005b4d9000 	/System/Library/PrivateFrameworks/Backup.framework/Versions/A/Backup
0x000000005b4d9000 	/usr/lib/libarchive.2.dylib
0x000000005b4d9000 	/System/Library/Frameworks/CFNetwork.framework/Versions/A/CFNetwork
0x000000005b4d9000 	/System/Library/Frameworks/SystemConfiguration.framework/Versions/A/SystemConfiguration
0x000000005b4d9000 	/usr/lib/libCRFSuite.dylib
0x000000005b4d9000 	/usr/lib/libc++.1.dylib
0x000000005b4d9000 	/usr/lib/libc++abi.dylib
0x000000005b4d9000 	/usr/lib/system/libcache.dylib
0x000000005b4d9000 	/usr/lib/system/libcommonCrypto.dylib
0x000000005b4d9000 	/usr/lib/system/libcompiler_rt.dylib
0x000000005b4d9000 	/usr/lib/system/libcopyfile.dylib
0x000000005b4d9000 	/usr/lib/system/libcorecrypto.dylib
0x000000005b4d9000 	/usr/lib/system/libdispatch.dylib
0x000000005b4d9000 	/usr/lib/system/libdyld.dylib
0x000000005b4d9000 	/usr/lib/system/libkeymgr.dylib
0x000000005b4d9000 	/usr/lib/system/liblaunch.dylib
0x000000005b4d9000 	/usr/lib/system/libmacho.dylib
0x000000005b4d9000 	/usr/lib/system/libquarantine.dylib
0x000000005b4d9000 	/usr/lib/system/libremovefile.dylib
0x000000005b4d9000 	/usr/lib/system/libsystem_asl.dylib
0x000000005b4d9000 	/usr/lib/system/libsystem_blocks.dylib
0x000000005b4d9000 	/usr/lib/system/libsystem_c.dylib
0x000000005b4d9000 	/usr/lib/system/libsystem_configuration.dylib
0x000000005b4d9000 	/usr/lib/system/libsystem_coreservices.dylib
0x000000005b4d9000 	/usr/lib/system/libsystem_coretls.dylib
0x000000005b4d9000 	/usr/lib/system/libsystem_dnssd.dylib
0x000000005b4d9000 	/usr/lib/system/libsystem_info.dylib
0x000000005b4d9000 	/usr/lib/system/libsystem_kernel.dylib
0x000000005b4d9000 	/usr/lib/system/libsystem_m.dylib
0x000000005b4d9000 	/usr/lib/system/libsystem_malloc.dylib
0x000000005b4d9000 	/usr/lib/system/libsystem_network.dylib
0x000000005b4d9000 	/usr/lib/system/libsystem_networkextension.dylib
0x000000005b4d9000 	/usr/lib/system/libsystem_notify.dylib
0x000000005b4d9000 	/usr/lib/system/libsystem_platform.dylib
0x000000005b4d9000 	/usr/lib/system/libsystem_pthread.dylib
0x000000005b4d9000 	/usr/lib/system/libsystem_sandbox.dylib
0x000000005b4d9000 	/usr/lib/system/libsystem_secinit.dylib
0x000000005b4d9000 	/usr/lib/system/libsystem_symptoms.dylib
0x000000005b4d9000 	/usr/lib/system/libsystem_trace.dylib
0x000000005b4d9000 	/usr/lib/system/libunwind.dylib
0x000000005b4d9000 	/usr/lib/system/libxpc.dylib
0x000000005b4d9000 	/usr/lib/libbsm.0.dylib
0x000000005b4d9000 	/usr/lib/system/libkxld.dylib
0x000000005b4d9000 	/usr/lib/libcoretls.dylib
0x000000005b4d9000 	/usr/lib/libcoretls_cfhelpers.dylib
0x000000005b4d9000 	/usr/lib/libxar.1.dylib
0x000000005b4d9000 	/usr/lib/libsqlite3.dylib
0x000000005b4d9000 	/usr/lib/libpam.2.dylib
0x000000005b4d9000 	/usr/lib/libOpenScriptingUtil.dylib
0x000000005b4d9000 	/usr/lib/libbz2.1.0.dylib
0x000000005b4d9000 	/usr/lib/liblzma.5.dylib
0x000000005b4d9000 	/usr/lib/libnetwork.dylib
0x000000005b4d9000 	/usr/lib/libpcap.A.dylib
0x000000005b4d9000 	/System/Library/Frameworks/CoreServices.framework/Versions/A/Frameworks/FSEvents.framework/Versions/A/FSEvents
0x000000005b4d9000 	/System/Library/Frameworks/CoreServices.framework/Versions/A/Frameworks/CarbonCore.framework/Versions/A/CarbonCore
0x000000005b4d9000 	/System/Library/Frameworks/CoreServices.framework/Versions/A/Frameworks/Metadata.framework/Versions/A/Metadata
0x000000005b4d9000 	/System/Library/Frameworks/CoreServices.framework/Versions/A/Frameworks/OSServices.framework/Versions/A/OSServices
0x000000005b4d9000 	/System/Library/Frameworks/CoreServices.framework/Versions/A/Frameworks/SearchKit.framework/Versions/A/SearchKit
0x000000005b4d9000 	/System/Library/Frameworks/CoreServices.framework/Versions/A/Frameworks/AE.framework/Versions/A/AE
0x000000005b4d9000 	/System/Library/Frameworks/CoreServices.framework/Versions/A/Frameworks/LaunchServices.framework/Versions/A/LaunchServices
0x000000005b4d9000 	/System/Library/Frameworks/CoreServices.framework/Versions/A/Frameworks/DictionaryServices.framework/Versions/A/DictionaryServices
0x000000005b4d9000 	/System/Library/Frameworks/CoreServices.framework/Versions/A/Frameworks/SharedFileList.framework/Versions/A/SharedFileList
0x000000005b4d9000 	/System/Library/Frameworks/NetFS.framework/Versions/A/NetFS
0x000000005b4d9000 	/System/Library/PrivateFrameworks/NetAuth.framework/Versions/A/NetAuth
0x000000005b4d9000 	/System/Library/PrivateFrameworks/login.framework/Versions/A/Frameworks/loginsupport.framework/Versions/A/loginsupport
0x000000005b4d9000 	/System/Library/PrivateFrameworks/TCC.framework/Versions/A/TCC
0x000000005b4d9000 	/usr/lib/libmecabra.dylib
0x000000005b4d9000 	/System/Library/Frameworks/ApplicationServices.framework/Versions/A/Frameworks/ATS.framework/Versions/A/ATS
0x000000005b4d9000 	/System/Library/Frameworks/ApplicationServices.framework/Versions/A/Frameworks/ColorSync.framework/Versions/A/ColorSync
0x000000005b4d9000 	/System/Library/Frameworks/ApplicationServices.framework/Versions/A/Frameworks/HIServices.framework/Versions/A/HIServices
0x000000005b4d9000 	/System/Library/Frameworks/ApplicationServices.framework/Versions/A/Frameworks/LangAnalysis.framework/Versions/A/LangAnalysis
0x000000005b4d9000 	/System/Library/Frameworks/ApplicationServices.framework/Versions/A/Frameworks/PrintCore.framework/Versions/A/PrintCore
0x000000005b4d9000 	/System/Library/Frameworks/ApplicationServices.framework/Versions/A/Frameworks/QD.framework/Versions/A/QD
0x000000005b4d9000 	/System/Library/Frameworks/ApplicationServices.framework/Versions/A/Frameworks/SpeechSynthesis.framework/Versions/A/SpeechSynthesis
0x000000005b4d9000 	/System/Library/Frameworks/Accelerate.framework/Versions/A/Frameworks/vImage.framework/Versions/A/vImage
0x000000005b4d9000 	/System/Library/Frameworks/Accelerate.framework/Versions/A/Frameworks/vecLib.framework/Versions/A/vecLib
0x000000005b4d9000 	/System/Library/Frameworks/Accelerate.framework/Versions/A/Frameworks/vecLib.framework/Versions/A/libvDSP.dylib
0x000000005b4d9000 	/System/Library/Frameworks/Accelerate.framework/Versions/A/Frameworks/vecLib.framework/Versions/A/libBNNS.dylib
0x000000005b4d9000 	/System/Library/Frameworks/Accelerate.framework/Versions/A/Frameworks/vecLib.framework/Versions/A/libQuadrature.dylib
0x000000005b4d9000 	/System/Library/Frameworks/Accelerate.framework/Versions/A/Frameworks/vecLib.framework/Versions/A/libvMisc.dylib
0x000000005b4d9000 	/System/Library/Frameworks/Accelerate.framework/Versions/A/Frameworks/vecLib.framework/Versions/A/libLAPACK.dylib
0x000000005b4d9000 	/System/Library/Frameworks/Accelerate.framework/Versions/A/Frameworks/vecLib.framework/Versions/A/libBLAS.dylib
0x000000005b4d9000 	/System/Library/Frameworks/Accelerate.framework/Versions/A/Frameworks/vecLib.framework/Versions/A/libLinearAlgebra.dylib
0x000000005b4d9000 	/System/Library/Frameworks/Accelerate.framework/Versions/A/Frameworks/vecLib.framework/Versions/A/libSparseBLAS.dylib
0x000000005b4d9000 	/System/Library/Frameworks/ApplicationServices.framework/Versions/A/Frameworks/ATS.framework/Versions/A/Resources/libFontParser.dylib
0x000000005b4d9000 	/System/Library/Frameworks/ApplicationServices.framework/Versions/A/Frameworks/ATS.framework/Versions/A/Resources/libFontRegistry.dylib
0x000000005b4d9000 	/System/Library/Frameworks/ImageIO.framework/Versions/A/Resources/libJPEG.dylib
0x000000005b4d9000 	/System/Library/Frameworks/ImageIO.framework/Versions/A/Resources/libTIFF.dylib
0x000000005b4d9000 	/System/Library/Frameworks/ImageIO.framework/Versions/A/Resources/libPng.dylib
0x000000005b4d9000 	/System/Library/Frameworks/ImageIO.framework/Versions/A/Resources/libGIF.dylib
0x000000005b4d9000 	/System/Library/Frameworks/ImageIO.framework/Versions/A/Resources/libJP2.dylib
0x000000005b4d9000 	/System/Library/Frameworks/ImageIO.framework/Versions/A/Resources/libRadiance.dylib
0x000000005b4d9000 	/usr/lib/libcompression.dylib
0x000000005b4d9000 	/System/Library/PrivateFrameworks/AppleJPEG.framework/Versions/A/AppleJPEG
0x000000005b4d9000 	/usr/lib/libcups.2.dylib
0x000000005b4d9000 	/System/Library/Frameworks/Kerberos.framework/Versions/A/Kerberos
0x000000005b4d9000 	/System/Library/Frameworks/GSS.framework/Versions/A/GSS
0x000000005b4d9000 	/usr/lib/libresolv.9.dylib
0x000000005b4d9000 	/usr/lib/libiconv.2.dylib
0x000000005b4d9000 	/System/Library/PrivateFrameworks/Heimdal.framework/Versions/A/Heimdal
0x000000005b4d9000 	/usr/lib/libheimdal-asn1.dylib
0x000000005b4d9000 	/System/Library/Frameworks/OpenDirectory.framework/Versions/A/OpenDirectory
0x000000005b4d9000 	/System/Library/PrivateFrameworks/CommonAuth.framework/Versions/A/CommonAuth
0x000000005b4d9000 	/System/Library/Frameworks/OpenDirectory.framework/Versions/A/Frameworks/CFOpenDirectory.framework/Versions/A/CFOpenDirectory
0x000000005b4d9000 	/System/Library/Frameworks/SecurityFoundation.framework/Versions/A/SecurityFoundation
0x000000005b4d9000 	/System/Library/PrivateFrameworks/LanguageModeling.framework/Versions/A/LanguageModeling
0x000000005b4d9000 	/usr/lib/libmarisa.dylib
0x000000005b4d9000 	/usr/lib/libChineseTokenizer.dylib
0x000000005b4d9000 	/usr/lib/libcmph.dylib
0x000000005b4d9000 	/System/Library/PrivateFrameworks/CoreEmoji.framework/Versions/A/CoreEmoji
0x000000005b4d9000 	/System/Library/Frameworks/ServiceManagement.framework/Versions/A/ServiceManagement
0x000000005b4d9000 	/usr/lib/libxslt.1.dylib
0x000000005b4d9000 	/System/Library/Frameworks/Carbon.framework/Versions/A/Frameworks/Ink.framework/Versions/A/Ink
0x000000005b4d9000 	/System/Library/PrivateFrameworks/TextureIO.framework/Versions/A/TextureIO
0x000000005b4d9000 	/System/Library/Frameworks/Metal.framework/Versions/A/Metal
0x000000005b4d9000 	/usr/lib/libate.dylib
0x000000005b4d9000 	/System/Library/PrivateFrameworks/GPUCompiler.framework/libmetal_timestamp.dylib
0x000000005b4d9000 	/System/Library/Frameworks/OpenGL.framework/Versions/A/Libraries/libCoreFSCache.dylib
0x000000005b4d9000 	/System/Library/PrivateFrameworks/IOAccelerator.framework/Versions/A/IOAccelerator
0x000000005b4d9000 	/System/Library/Frameworks/CoreVideo.framework/Versions/A/CoreVideo
0x000000005b4d9000 	/usr/lib/libFosl_dynamic.dylib
0x000000005b4d9000 	/System/Library/PrivateFrameworks/MetalPerformanceShaders.framework/Versions/A/MetalPerformanceShaders
0x000000005b4d9000 	/System/Library/PrivateFrameworks/FaceCore.framework/Versions/A/FaceCore
0x000000005b4d9000 	/System/Library/Frameworks/OpenCL.framework/Versions/A/OpenCL
0x000000005b4d9000 	/System/Library/Frameworks/OpenGL.framework/Versions/A/Libraries/libGLU.dylib
0x000000005b4d9000 	/System/Library/Frameworks/OpenGL.framework/Versions/A/Libraries/libGFXShared.dylib
0x000000005b4d9000 	/System/Library/Frameworks/OpenGL.framework/Versions/A/Libraries/libGL.dylib
0x000000005b4d9000 	/System/Library/Frameworks/OpenGL.framework/Versions/A/Libraries/libGLImage.dylib
0x000000005b4d9000 	/System/Library/Frameworks/OpenGL.framework/Versions/A/Libraries/libCVMSPluginSupport.dylib
0x000000005b4d9000 	/System/Library/Frameworks/OpenGL.framework/Versions/A/Libraries/libCoreVMClient.dylib
0x000000005b4d9000 	/System/Library/PrivateFrameworks/CrashReporterSupport.framework/Versions/A/CrashReporterSupport
0x000000005b4d9000 	/System/Library/PrivateFrameworks/Sharing.framework/Versions/A/Sharing
0x000000005b4d9000 	/System/Library/PrivateFrameworks/IconServices.framework/Versions/A/IconServices
0x000000005b4d9000 	/System/Library/PrivateFrameworks/ProtocolBuffer.framework/Versions/A/ProtocolBuffer
0x000000005b4d9000 	/System/Library/PrivateFrameworks/Apple80211.framework/Versions/A/Apple80211
0x000000005b4d9000 	/System/Library/Frameworks/CoreWLAN.framework/Versions/A/CoreWLAN
0x000000005b4d9000 	/System/Library/PrivateFrameworks/CoreUtils.framework/Versions/A/CoreUtils
0x000000005b4d9000 	/System/Library/Frameworks/IOBluetooth.framework/Versions/A/IOBluetooth
0x000000005b4d9000 	/System/Library/PrivateFrameworks/CoreWiFi.framework/Versions/A/CoreWiFi
0x000000005b4d9000 	/System/Library/Frameworks/CoreBluetooth.framework/Versions/A/CoreBluetooth
0x000000005b4d9000 	/System/Library/Frameworks/CoreDisplay.framework/Versions/A/CoreDisplay
0x000000005b4d9000 	/System/Library/PrivateFrameworks/IOPresentment.framework/Versions/A/IOPresentment
0x000000005b4d9000 	/System/Library/PrivateFrameworks/DebugSymbols.framework/Versions/A/DebugSymbols
0x000000005b4d9000 	/System/Library/PrivateFrameworks/CoreSymbolication.framework/Versions/A/CoreSymbolication
0x000000005b4d9000 	/System/Library/PrivateFrameworks/Symbolication.framework/Versions/A/Symbolication
0x000000005b4d9000 	/System/Library/PrivateFrameworks/AppleFSCompression.framework/Versions/A/AppleFSCompression
0x000000005b4d9000 	/System/Library/PrivateFrameworks/SpeechRecognitionCore.framework/Versions/A/SpeechRecognitionCore
0x000000005b4d9000 	/System/Library/PrivateFrameworks/ChunkingLibrary.framework/Versions/A/ChunkingLibrary
0x0000000101a00000 	/Library/Java/JavaVirtualMachines/jdk1.8.0_51.jdk/Contents/Home/jre/lib/server/libjvm.dylib
0x000000005b4d9000 	/usr/lib/libstdc++.6.dylib
0x000000010106a000 	/Library/Java/JavaVirtualMachines/jdk1.8.0_51.jdk/Contents/Home/jre/lib/libverify.dylib
0x0000000101078000 	/Library/Java/JavaVirtualMachines/jdk1.8.0_51.jdk/Contents/Home/jre/lib/libjava.dylib
0x00000001010b7000 	/Library/Java/JavaVirtualMachines/jdk1.8.0_51.jdk/Contents/Home/jre/lib/libzip.dylib
0x0000000107ee0000 	/System/Library/Frameworks/JavaVM.framework/Frameworks/JavaRuntimeSupport.framework/JavaRuntimeSupport
0x0000000107efa000 	/System/Library/Frameworks/JavaVM.framework/Versions/A/Frameworks/JavaNativeFoundation.framework/Versions/A/JavaNativeFoundation
0x0000000107f0f000 	/System/Library/Frameworks/JavaVM.framework/Versions/A/JavaVM
0x000000005b4d9000 	/System/Library/Frameworks/Carbon.framework/Versions/A/Carbon
0x0000000107f1c000 	/System/Library/PrivateFrameworks/JavaLaunching.framework/Versions/A/JavaLaunching
0x000000005b4d9000 	/System/Library/Frameworks/Carbon.framework/Versions/A/Frameworks/CommonPanels.framework/Versions/A/CommonPanels
0x000000005b4d9000 	/System/Library/Frameworks/Carbon.framework/Versions/A/Frameworks/Help.framework/Versions/A/Help
0x000000005b4d9000 	/System/Library/Frameworks/Carbon.framework/Versions/A/Frameworks/ImageCapture.framework/Versions/A/ImageCapture
0x000000005b4d9000 	/System/Library/Frameworks/Carbon.framework/Versions/A/Frameworks/OpenScripting.framework/Versions/A/OpenScripting
0x000000005b4d9000 	/System/Library/Frameworks/Carbon.framework/Versions/A/Frameworks/Print.framework/Versions/A/Print
0x000000005b4d9000 	/System/Library/Frameworks/Carbon.framework/Versions/A/Frameworks/SecurityHI.framework/Versions/A/SecurityHI
0x0000000109e1e000 	/Library/Java/JavaVirtualMachines/jdk1.8.0_51.jdk/Contents/Home/jre/lib/libnet.dylib
0x0000000109e7d000 	/Library/Java/JavaVirtualMachines/jdk1.8.0_51.jdk/Contents/Home/jre/lib/libnio.dylib
0x0000000109f17000 	/Users/Appy/.gradle/native/25/osx-amd64/libnative-platform.dylib
0x000000010a310000 	/Library/Java/JavaVirtualMachines/jdk1.8.0_51.jdk/Contents/Home/jre/lib/libmanagement.dylib
0x0000000109ed2000 	/Library/Java/JavaVirtualMachines/jdk1.8.0_51.jdk/Contents/Home/jre/lib/libsunec.dylib

VM Arguments:
jvm_args: -Xmx1536m -Dfile.encoding=UTF-8 -Duser.country=IN -Duser.language=en -Duser.variant 
java_command: org.gradle.launcher.daemon.bootstrap.GradleDaemon 4.4
java_class_path (initial): /Users/Appy/.gradle/wrapper/dists/gradle-4.4-all/9br9xq1tocpiv8o6njlyu5op1/gradle-4.4/lib/gradle-launcher-4.4.jar
Launcher Type: SUN_STANDARD

Environment Variables:
PATH=/Library/Frameworks/Python.framework/Versions/3.5/bin:/usr/local/bin:/usr/bin:/bin:/usr/sbin:/sbin:/Users/Appy/.nexustools
SHELL=/bin/bash

Signal Handlers:
SIGSEGV: [libjvm.dylib+0x58ef35], sa_mask[0]=11111111011111110111111111111111, sa_flags=SA_ONSTACK|SA_RESTART|SA_SIGINFO
SIGBUS: [libjvm.dylib+0x58ef35], sa_mask[0]=11111111011111110111111111111111, sa_flags=SA_RESTART|SA_SIGINFO
SIGFPE: [libjvm.dylib+0x46c028], sa_mask[0]=11111111011111110111111111111111, sa_flags=SA_RESTART|SA_SIGINFO
SIGPIPE: [libjvm.dylib+0x46c028], sa_mask[0]=11111111011111110111111111111111, sa_flags=SA_RESTART|SA_SIGINFO
SIGXFSZ: [libjvm.dylib+0x46c028], sa_mask[0]=11111111011111110111111111111111, sa_flags=SA_RESTART|SA_SIGINFO
SIGILL: [libjvm.dylib+0x46c028], sa_mask[0]=11111111011111110111111111111111, sa_flags=SA_RESTART|SA_SIGINFO
SIGUSR1: SIG_DFL, sa_mask[0]=00000000000000000000000000000000, sa_flags=none
SIGUSR2: [libjvm.dylib+0x46bb46], sa_mask[0]=00100000000000000000000000000000, sa_flags=SA_RESTART|SA_SIGINFO
SIGHUP: [libjvm.dylib+0x46a119], sa_mask[0]=11111111011111110111111111111111, sa_flags=SA_RESTART|SA_SIGINFO
SIGINT: [libjvm.dylib+0x46a119], sa_mask[0]=11111111011111110111111111111111, sa_flags=SA_RESTART|SA_SIGINFO
SIGTERM: [libjvm.dylib+0x46a119], sa_mask[0]=11111111011111110111111111111111, sa_flags=SA_RESTART|SA_SIGINFO
SIGQUIT: [libjvm.dylib+0x46a119], sa_mask[0]=11111111011111110111111111111111, sa_flags=SA_RESTART|SA_SIGINFO


---------------  S Y S T E M  ---------------

OS:Bsduname:Darwin 16.0.0 Darwin Kernel Version 16.0.0: Mon Aug 29 17:56:20 PDT 2016; root:xnu-3789.1.32~3/RELEASE_X86_64 x86_64
rlimit: STACK 8192k, CORE 0k, NPROC 709, NOFILE 10240, AS infinity
load average:8.18 7.27 5.57

CPU:total 4 (2 cores per cpu, 2 threads per core) family 6 model 58 stepping 9, cmov, cx8, fxsr, mmx, sse, sse2, sse3, ssse3, sse4.1, sse4.2, popcnt, avx, aes, clmul, erms, ht, tsc, tscinvbit, tscinv

Memory: 4k page, physical 4194304k(42220k free)

/proc/meminfo:


vm_info: Java HotSpot(TM) 64-Bit Server VM (25.51-b03) for bsd-amd64 JRE (1.8.0_51-b16), built on Jun  8 2015 18:01:11 by "java_re" with gcc 4.2.1 (Based on Apple Inc. build 5658) (LLVM build 2336.11.00)

time: Sun Apr  8 02:23:49 2018
elapsed time: 5116 seconds (0d 1h 25m 16s)

